2024-07-11 15:19:09 INFO  o.h.validator.internal.util.Version - HV000001: Hibernate Validator 8.0.1.Final
2024-07-11 15:19:09 INFO  e.userservice.UserServiceApplication - Starting UserServiceApplication using Java 18.0.2.1 with PID 9980 (C:\Users\l.nardella\IdeaProjects\user-service\target\classes started by l.nardella in C:\Users\l.nardella\IdeaProjects\user-service)
2024-07-11 15:19:09 INFO  e.userservice.UserServiceApplication - No active profile set, falling back to 1 default profile: "default"
2024-07-11 15:19:11 INFO  o.s.d.r.c.RepositoryConfigurationDelegate - Bootstrapping Spring Data JPA repositories in DEFAULT mode.
2024-07-11 15:19:11 INFO  o.s.d.r.c.RepositoryConfigurationDelegate - Finished Spring Data repository scanning in 82 ms. Found 1 JPA repository interfaces.
2024-07-11 15:19:12 INFO  o.s.b.w.e.tomcat.TomcatWebServer - Tomcat initialized with port(s): 8080 (http)
2024-07-11 15:19:12 INFO  o.a.coyote.http11.Http11NioProtocol - Initializing ProtocolHandler ["http-nio-8080"]
2024-07-11 15:19:12 INFO  o.a.catalina.core.StandardService - Starting service [Tomcat]
2024-07-11 15:19:12 INFO  o.a.catalina.core.StandardEngine - Starting Servlet engine: [Apache Tomcat/10.1.15]
2024-07-11 15:19:12 INFO  o.a.c.c.C.[Tomcat].[localhost].[/] - Initializing Spring embedded WebApplicationContext
2024-07-11 15:19:12 INFO  o.s.b.w.s.c.ServletWebServerApplicationContext - Root WebApplicationContext: initialization completed in 2460 ms
2024-07-11 15:19:12 INFO  o.h.jpa.internal.util.LogHelper - HHH000204: Processing PersistenceUnitInfo [name: default]
2024-07-11 15:19:12 INFO  org.hibernate.Version - HHH000412: Hibernate ORM core version 6.2.13.Final
2024-07-11 15:19:12 INFO  org.hibernate.cfg.Environment - HHH000406: Using bytecode reflection optimizer
2024-07-11 15:19:13 INFO  o.s.o.j.p.SpringPersistenceUnitInfo - No LoadTimeWeaver setup: ignoring JPA class transformer
2024-07-11 15:19:13 INFO  com.zaxxer.hikari.HikariDataSource - HikariPool-1 - Starting...
2024-07-11 15:19:13 INFO  com.zaxxer.hikari.pool.HikariPool - HikariPool-1 - Added connection org.postgresql.jdbc.PgConnection@3095d401
2024-07-11 15:19:13 INFO  com.zaxxer.hikari.HikariDataSource - HikariPool-1 - Start completed.
2024-07-11 15:19:14 INFO  o.h.e.t.j.p.i.JtaPlatformInitiator - HHH000489: No JTA platform available (set 'hibernate.transaction.jta.platform' to enable JTA platform integration)
2024-07-11 15:19:15 INFO  o.s.o.j.LocalContainerEntityManagerFactoryBean - Initialized JPA EntityManagerFactory for persistence unit 'default'
2024-07-11 15:19:15 WARN  o.s.b.a.o.j.JpaBaseConfiguration$JpaWebConfiguration - spring.jpa.open-in-view is enabled by default. Therefore, database queries may be performed during view rendering. Explicitly configure spring.jpa.open-in-view to disable this warning
2024-07-11 15:19:16 INFO  o.a.coyote.http11.Http11NioProtocol - Starting ProtocolHandler ["http-nio-8080"]
2024-07-11 15:19:16 INFO  o.s.b.w.e.tomcat.TomcatWebServer - Tomcat started on port(s): 8080 (http) with context path ''
2024-07-11 15:19:16 INFO  e.userservice.UserServiceApplication - Started UserServiceApplication in 7.707 seconds (process running for 8.817)
2024-07-11 16:16:53 INFO  o.s.o.j.LocalContainerEntityManagerFactoryBean - Closing JPA EntityManagerFactory for persistence unit 'default'
2024-07-11 16:16:53 INFO  com.zaxxer.hikari.HikariDataSource - HikariPool-1 - Shutdown initiated...
2024-07-11 16:16:53 INFO  com.zaxxer.hikari.HikariDataSource - HikariPool-1 - Shutdown completed.
2024-07-11 16:17:03 INFO  o.h.validator.internal.util.Version - HV000001: Hibernate Validator 8.0.1.Final
2024-07-11 16:17:03 INFO  e.userservice.UserServiceApplication - Starting UserServiceApplication using Java 18.0.2.1 with PID 7372 (C:\Users\l.nardella\IdeaProjects\user-service\target\classes started by l.nardella in C:\Users\l.nardella\IdeaProjects\user-service)
2024-07-11 16:17:03 INFO  e.userservice.UserServiceApplication - No active profile set, falling back to 1 default profile: "default"
2024-07-11 16:17:05 INFO  o.s.d.r.c.RepositoryConfigurationDelegate - Bootstrapping Spring Data JPA repositories in DEFAULT mode.
2024-07-11 16:17:05 INFO  o.s.d.r.c.RepositoryConfigurationDelegate - Finished Spring Data repository scanning in 84 ms. Found 1 JPA repository interfaces.
2024-07-11 16:17:06 INFO  o.s.b.w.e.tomcat.TomcatWebServer - Tomcat initialized with port(s): 8080 (http)
2024-07-11 16:17:06 INFO  o.a.coyote.http11.Http11NioProtocol - Initializing ProtocolHandler ["http-nio-8080"]
2024-07-11 16:17:06 INFO  o.a.catalina.core.StandardService - Starting service [Tomcat]
2024-07-11 16:17:06 INFO  o.a.catalina.core.StandardEngine - Starting Servlet engine: [Apache Tomcat/10.1.15]
2024-07-11 16:17:06 INFO  o.a.c.c.C.[Tomcat].[localhost].[/] - Initializing Spring embedded WebApplicationContext
2024-07-11 16:17:06 INFO  o.s.b.w.s.c.ServletWebServerApplicationContext - Root WebApplicationContext: initialization completed in 2679 ms
2024-07-11 16:17:06 INFO  o.h.jpa.internal.util.LogHelper - HHH000204: Processing PersistenceUnitInfo [name: default]
2024-07-11 16:17:06 INFO  org.hibernate.Version - HHH000412: Hibernate ORM core version 6.2.13.Final
2024-07-11 16:17:06 INFO  org.hibernate.cfg.Environment - HHH000406: Using bytecode reflection optimizer
2024-07-11 16:17:07 INFO  o.s.o.j.p.SpringPersistenceUnitInfo - No LoadTimeWeaver setup: ignoring JPA class transformer
2024-07-11 16:17:07 INFO  com.zaxxer.hikari.HikariDataSource - HikariPool-1 - Starting...
2024-07-11 16:17:07 INFO  com.zaxxer.hikari.pool.HikariPool - HikariPool-1 - Added connection org.postgresql.jdbc.PgConnection@38c10190
2024-07-11 16:17:07 INFO  com.zaxxer.hikari.HikariDataSource - HikariPool-1 - Start completed.
2024-07-11 16:17:09 INFO  o.h.e.t.j.p.i.JtaPlatformInitiator - HHH000489: No JTA platform available (set 'hibernate.transaction.jta.platform' to enable JTA platform integration)
2024-07-11 16:17:09 INFO  o.s.o.j.LocalContainerEntityManagerFactoryBean - Initialized JPA EntityManagerFactory for persistence unit 'default'
2024-07-11 16:17:10 WARN  o.s.b.a.o.j.JpaBaseConfiguration$JpaWebConfiguration - spring.jpa.open-in-view is enabled by default. Therefore, database queries may be performed during view rendering. Explicitly configure spring.jpa.open-in-view to disable this warning
2024-07-11 16:17:10 INFO  o.a.coyote.http11.Http11NioProtocol - Starting ProtocolHandler ["http-nio-8080"]
2024-07-11 16:17:10 INFO  o.s.b.w.e.tomcat.TomcatWebServer - Tomcat started on port(s): 8080 (http) with context path ''
2024-07-11 16:17:10 INFO  e.userservice.UserServiceApplication - Started UserServiceApplication in 8.265 seconds (process running for 9.63)
2024-07-11 16:17:23 INFO  o.a.c.c.C.[Tomcat].[localhost].[/] - Initializing Spring DispatcherServlet 'dispatcherServlet'
2024-07-11 16:17:23 INFO  o.s.web.servlet.DispatcherServlet - Initializing Servlet 'dispatcherServlet'
2024-07-11 16:17:23 INFO  o.s.web.servlet.DispatcherServlet - Completed initialization in 1 ms
2024-07-11 16:17:25 INFO  e.u.c.EmailNotificationController - Email inviata a ludonar01@gmail.com
